<?xml version="1.0" encoding="UTF-8"?>
<!-- Generated by org.testng.reporters.JUnitReportReporter -->
<testsuite hostname="LAPTOP-5HVVEL57" failures="0" tests="2" name="com.TestNG.SampleTest" time="2.619" errors="0" timestamp="2023-11-22T10:44:20 IST" skipped="0">
  <testcase classname="com.TestNG.SampleTest" name="sample_1" time="1.652"/>
  <system-out/>
  <testcase classname="com.TestNG.SampleTest" name="sample_2" time="0.967"/>
  <system-out/>
</testsuite> <!-- com.TestNG.SampleTest -->
