<?xml version="1.0" encoding="UTF-8"?>
<!-- Generated by org.testng.reporters.JUnitReportReporter -->
<testsuite hostname="LAPTOP-5HVVEL57" failures="0" tests="6" name="com.TestNG.ExecuteDpTest" time="0.015" errors="0" timestamp="2023-11-22T11:27:23 IST" skipped="0">
  <testcase classname="com.TestNG.ExecuteDpTest" name="executeExcelUtils" time="0.001"/>
  <system-out/>
  <testcase classname="com.TestNG.ExecuteDpTest" name="executeExcelUtils" time="0.008"/>
  <system-out/>
  <testcase classname="com.TestNG.ExecuteDpTest" name="executeExcelUtils" time="0.002"/>
  <system-out/>
  <testcase classname="com.TestNG.ExecuteDpTest" name="executeExcelUtils" time="0.002"/>
  <system-out/>
  <testcase classname="com.TestNG.ExecuteDpTest" name="executeExcelUtils" time="0.002"/>
  <system-out/>
  <testcase classname="com.TestNG.ExecuteDpTest" name="executeExcelUtils" time="0.000"/>
  <system-out/>
</testsuite> <!-- com.TestNG.ExecuteDpTest -->
