<?xml version="1.0" encoding="UTF-8"?>
<!-- Generated by org.testng.reporters.JUnitReportReporter -->
<testsuite hostname="LAPTOP-5HVVEL57" failures="0" tests="2" name="com.TestNG.SimpleTest" time="2.257" errors="0" timestamp="2023-11-22T10:44:20 IST" skipped="0">
  <testcase classname="com.TestNG.SimpleTest" name="simple_1" time="0.842"/>
  <system-out/>
  <testcase classname="com.TestNG.SimpleTest" name="simple_2" time="1.415"/>
  <system-out/>
</testsuite> <!-- com.TestNG.SimpleTest -->
