<?xml version="1.0" encoding="UTF-8"?>
<!-- Generated by org.testng.reporters.JUnitReportReporter -->
<testsuite hostname="LAPTOP-5HVVEL57" failures="0" tests="1" name="com.hra.owner.G_HouseRegisterTest" time="8.089" errors="0" timestamp="2023-11-30T15:08:48 IST" skipped="0">
  <testcase classname="com.hra.owner.G_HouseRegisterTest" name="HouseRegisterTestain" time="8.089"/>
  <system-out/>
</testsuite> <!-- com.hra.owner.G_HouseRegisterTest -->
