<?xml version="1.0" encoding="UTF-8"?>
<!-- Generated by org.testng.reporters.JUnitReportReporter -->
<testsuite hostname="LAPTOP-5HVVEL57" failures="0" tests="2" name="com.TestNG.ExecutionOrderTest" time="0.018" errors="0" timestamp="2023-11-21T20:21:29 IST" skipped="0">
  <testcase classname="com.TestNG.ExecutionOrderTest" name="test2" time="0.004"/>
  <system-out/>
  <testcase classname="com.TestNG.ExecutionOrderTest" name="test1" time="0.014"/>
  <system-out/>
</testsuite> <!-- com.TestNG.ExecutionOrderTest -->
