<?xml version="1.0" encoding="UTF-8"?>
<!-- Generated by org.testng.reporters.JUnitReportReporter -->
<testsuite hostname="LAPTOP-5HVVEL57" failures="0" tests="1" name="com.hra.owner.G_DetailsUpdateTest" time="16.600" errors="0" timestamp="2023-11-30T16:23:33 IST" skipped="0">
  <testcase classname="com.hra.owner.G_DetailsUpdateTest" name="DetailsUpdateTest" time="16.600"/>
  <system-out>
    <![CDATA[DetailsUpdateTest---Testscript Execution starts here---
DetailsUpdateTest--Testscript executed successfully--]]>
  </system-out>
</testsuite> <!-- com.hra.owner.G_DetailsUpdateTest -->
