<?xml version="1.0" encoding="UTF-8"?>
<!-- Generated by org.testng.reporters.JUnitReportReporter -->
<testsuite hostname="LAPTOP-5HVVEL57" failures="0" tests="2" name="com.TestNG.PracticeTest" time="2.694" errors="0" timestamp="2023-11-22T10:44:20 IST" skipped="0">
  <testcase classname="com.TestNG.PracticeTest" name="practice_2" time="1.541"/>
  <system-out/>
  <testcase classname="com.TestNG.PracticeTest" name="practice_1" time="1.153"/>
  <system-out/>
</testsuite> <!-- com.TestNG.PracticeTest -->
