<?xml version="1.0" encoding="UTF-8"?>
<!-- Generated by org.testng.reporters.JUnitReportReporter -->
<testsuite hostname="LAPTOP-5HVVEL57" failures="0" tests="6" name="com.TestNG.PracticeTestNGTest" time="0.029" errors="0" timestamp="2023-11-20T13:35:44 IST" skipped="0">
  <testcase classname="com.TestNG.PracticeTestNGTest" name="d" time="0.002"/>
  <system-out/>
  <testcase classname="com.TestNG.PracticeTestNGTest" name="e" time="0.002"/>
  <system-out/>
  <testcase classname="com.TestNG.PracticeTestNGTest" name="a" time="0.002"/>
  <system-out/>
  <testcase classname="com.TestNG.PracticeTestNGTest" name="b" time="0.020"/>
  <system-out/>
  <testcase classname="com.TestNG.PracticeTestNGTest" name="c" time="0.001"/>
  <system-out/>
  <testcase classname="com.TestNG.PracticeTestNGTest" name="f" time="0.002"/>
  <system-out/>
</testsuite> <!-- com.TestNG.PracticeTestNGTest -->
