<?xml version="1.0" encoding="UTF-8"?>
<!-- Generated by org.testng.reporters.JUnitReportReporter -->
<testsuite hostname="LAPTOP-5HVVEL57" failures="0" tests="1" name="com.TestNG.HardAssertTest" time="3.213" errors="0" timestamp="2023-11-22T15:57:50 IST" skipped="0">
  <testcase classname="com.TestNG.HardAssertTest" name="hardAssert_1" time="3.213"/>
  <system-out/>
</testsuite> <!-- com.TestNG.HardAssertTest -->
