<?xml version="1.0" encoding="UTF-8"?>
<!-- Generated by org.testng.reporters.JUnitReportReporter -->
<testsuite hostname="LAPTOP-5HVVEL57" failures="0" tests="2" name="com.TestNG.DemoTest" time="2.610" errors="0" timestamp="2023-11-22T10:44:20 IST" skipped="0">
  <testcase classname="com.TestNG.DemoTest" name="demo_2" time="1.677"/>
  <system-out/>
  <testcase classname="com.TestNG.DemoTest" name="demo_1" time="0.933"/>
  <system-out/>
</testsuite> <!-- com.TestNG.DemoTest -->
