<?xml version="1.0" encoding="UTF-8"?>
<!-- Generated by org.testng.reporters.JUnitReportReporter -->
<testsuite hostname="LAPTOP-5HVVEL57" failures="0" tests="1" name="com.hra.owner.G_DetailsUpdateTest" time="11.182" errors="0" timestamp="2023-11-24T09:56:55 IST" skipped="0">
  <testcase classname="com.hra.owner.G_DetailsUpdateTest" name="DetailsUpdateTest" time="11.182"/>
  <system-out>
    <![CDATA[DetailsUpdateTest---Testscript Execution starts here---
DetailsUpdateTest--Testscript executed successfully--]]>
  </system-out>
</testsuite> <!-- com.hra.owner.G_DetailsUpdateTest -->
