<?xml version="1.0" encoding="UTF-8"?>
<!-- Generated by org.testng.reporters.JUnitReportReporter -->
<testsuite hostname="LAPTOP-5HVVEL57" failures="0" tests="1" name="com.practice_Package.CmdParameterTest" time="4.753" errors="0" timestamp="2023-11-10T16:23:30 IST" skipped="0">
  <testcase classname="com.practice_Package.CmdParameterTest" name="CmdParametertest" time="4.753"/>
  <system-out/>
</testsuite> <!-- com.practice_Package.CmdParameterTest -->
