<?xml version="1.0" encoding="UTF-8"?>
<!-- Generated by org.testng.reporters.JUnitReportReporter -->
<testsuite hostname="LAPTOP-5HVVEL57" failures="0" tests="4" name="com.TestNG.DpTest" time="0.019" errors="0" timestamp="2023-11-20T15:55:53 IST" skipped="0">
  <testcase classname="com.TestNG.DpTest" name="book" time="0.012"/>
  <system-out/>
  <testcase classname="com.TestNG.DpTest" name="book" time="0.002"/>
  <system-out/>
  <testcase classname="com.TestNG.DpTest" name="book" time="0.002"/>
  <system-out/>
  <testcase classname="com.TestNG.DpTest" name="book" time="0.003"/>
  <system-out/>
</testsuite> <!-- com.TestNG.DpTest -->
