<?xml version="1.0" encoding="UTF-8"?>
<!-- Generated by org.testng.reporters.JUnitReportReporter -->
<testsuite hostname="LAPTOP-5HVVEL57" failures="0" tests="6" name="com.TestNG.ExecuteDp" time="0.027" errors="0" timestamp="2023-11-20T16:29:49 IST" skipped="0">
  <testcase classname="com.TestNG.ExecuteDp" name="executeExcelUtils" time="0.007"/>
  <system-out/>
  <testcase classname="com.TestNG.ExecuteDp" name="executeExcelUtils" time="0.011"/>
  <system-out/>
  <testcase classname="com.TestNG.ExecuteDp" name="executeExcelUtils" time="0.002"/>
  <system-out/>
  <testcase classname="com.TestNG.ExecuteDp" name="executeExcelUtils" time="0.002"/>
  <system-out/>
  <testcase classname="com.TestNG.ExecuteDp" name="executeExcelUtils" time="0.003"/>
  <system-out/>
  <testcase classname="com.TestNG.ExecuteDp" name="executeExcelUtils" time="0.002"/>
  <system-out/>
</testsuite> <!-- com.TestNG.ExecuteDp -->
